[INFO] Scanning for projects...
[INFO] ------------------------------------------------------------------------
[INFO] Reactor Build Order:
[INFO] 
[INFO] homework
[INFO] chapter_001
[INFO] calculateAreaOfTriangle
[INFO] calculator
[INFO] helloWorld
[INFO] maximumFromTwoAndThreeNumbers
[INFO] maximumFromTwoNumbers
[INFO] sumOfEvenNumbers
[INFO] factorial
[INFO]                                                                         
[INFO] ------------------------------------------------------------------------
[INFO] Building homework 2.0
[INFO] ------------------------------------------------------------------------
[INFO]                                                                         
[INFO] ------------------------------------------------------------------------
[INFO] Building chapter_001 2.0
[INFO] ------------------------------------------------------------------------
[INFO] 
[INFO] --- maven-checkstyle-plugin:2.17:check (validate) @ chapter_001 ---
[INFO] Starting audit...
Audit done.
[INFO] 
[INFO] --- cobertura-maven-plugin:2.7:clean (verify) @ chapter_001 ---
[INFO] Skipping cobertura mojo for project with packaging type 'pom'
[INFO] 
[INFO] >>> cobertura-maven-plugin:2.7:check (verify) > [cobertura]test @ chapter_001 >>>
[INFO] 
[INFO] --- maven-checkstyle-plugin:2.17:check (validate) @ chapter_001 ---
[INFO] Starting audit...
Audit done.
[INFO] 
[INFO] --- cobertura-maven-plugin:2.7:instrument (verify) @ chapter_001 ---
[INFO] Skipping cobertura mojo for project with packaging type 'pom'
[INFO] 
[INFO] <<< cobertura-maven-plugin:2.7:check (verify) < [cobertura]test @ chapter_001 <<<
[INFO] 
[INFO] --- cobertura-maven-plugin:2.7:check (verify) @ chapter_001 ---
[INFO] Skipping cobertura mojo for project with packaging type 'pom'
[INFO]                                                                         
[INFO] ------------------------------------------------------------------------
[INFO] Building calculateAreaOfTriangle 1.0
[INFO] ------------------------------------------------------------------------
[INFO] 
[INFO] --- maven-checkstyle-plugin:2.17:check (validate) @ calculateAreaOfTriangle ---
[INFO] Starting audit...
Audit done.
[INFO] 
[INFO] --- maven-resources-plugin:2.6:resources (default-resources) @ calculateAreaOfTriangle ---
[INFO] Using 'UTF-8' encoding to copy filtered resources.
[INFO] skip non existing resourceDirectory C:\TrackStudio\Homework\chapter_001\calculateAreaOfTriangle\src\main\resources
[INFO] 
[INFO] --- maven-compiler-plugin:3.3:compile (default-compile) @ calculateAreaOfTriangle ---
[INFO] Changes detected - recompiling the module!
[INFO] Compiling 3 source files to C:\TrackStudio\Homework\chapter_001\calculateAreaOfTriangle\target\classes
[INFO] 
[INFO] --- maven-resources-plugin:2.6:testResources (default-testResources) @ calculateAreaOfTriangle ---
[INFO] Using 'UTF-8' encoding to copy filtered resources.
[INFO] skip non existing resourceDirectory C:\TrackStudio\Homework\chapter_001\calculateAreaOfTriangle\src\test\resources
[INFO] 
[INFO] --- maven-compiler-plugin:3.3:testCompile (default-testCompile) @ calculateAreaOfTriangle ---
[INFO] Changes detected - recompiling the module!
[INFO] Compiling 2 source files to C:\TrackStudio\Homework\chapter_001\calculateAreaOfTriangle\target\test-classes
[INFO] 
[INFO] --- maven-surefire-plugin:2.12.4:test (default-test) @ calculateAreaOfTriangle ---
[INFO] Surefire report directory: C:\TrackStudio\Homework\chapter_001\calculateAreaOfTriangle\target\surefire-reports

-------------------------------------------------------
 T E S T S
-------------------------------------------------------
Running ru.skuznetsov.calculateAreaOfTriangle.TriangleTest
Tests run: 2, Failures: 0, Errors: 0, Skipped: 0, Time elapsed: 0.15 sec

Results :

Tests run: 2, Failures: 0, Errors: 0, Skipped: 0

[INFO] 
[INFO] --- maven-jar-plugin:2.4:jar (default-jar) @ calculateAreaOfTriangle ---
[INFO] Building jar: C:\TrackStudio\Homework\chapter_001\calculateAreaOfTriangle\target\calculateAreaOfTriangle-1.0.jar
[INFO] 
[INFO] --- cobertura-maven-plugin:2.7:clean (verify) @ calculateAreaOfTriangle ---
[INFO] 
[INFO] >>> cobertura-maven-plugin:2.7:check (verify) > [cobertura]test @ calculateAreaOfTriangle >>>
[INFO] 
[INFO] --- maven-checkstyle-plugin:2.17:check (validate) @ calculateAreaOfTriangle ---
[INFO] Starting audit...
Audit done.
[INFO] 
[INFO] --- maven-resources-plugin:2.6:resources (default-resources) @ calculateAreaOfTriangle ---
[INFO] Using 'UTF-8' encoding to copy filtered resources.
[INFO] skip non existing resourceDirectory C:\TrackStudio\Homework\chapter_001\calculateAreaOfTriangle\src\main\resources
[INFO] 
[INFO] --- maven-compiler-plugin:3.3:compile (default-compile) @ calculateAreaOfTriangle ---
[INFO] Changes detected - recompiling the module!
[INFO] Compiling 3 source files to C:\TrackStudio\Homework\chapter_001\calculateAreaOfTriangle\target\classes
[INFO] 
[INFO] --- cobertura-maven-plugin:2.7:instrument (verify) @ calculateAreaOfTriangle ---
[INFO] Cobertura 2.1.1 - GNU GPL License (NO WARRANTY) - See COPYRIGHT file
[INFO] Cobertura: Saved information on 2 classes.
[INFO] Cobertura: Saved information on 2 classes.

[INFO] Instrumentation was successful.
[INFO] NOT adding cobertura ser file to attached artifacts list.
[INFO] 
[INFO] --- maven-resources-plugin:2.6:testResources (default-testResources) @ calculateAreaOfTriangle ---
[INFO] Using 'UTF-8' encoding to copy filtered resources.
[INFO] skip non existing resourceDirectory C:\TrackStudio\Homework\chapter_001\calculateAreaOfTriangle\src\test\resources
[INFO] 
[INFO] --- maven-compiler-plugin:3.3:testCompile (default-testCompile) @ calculateAreaOfTriangle ---
[INFO] Changes detected - recompiling the module!
[INFO] Compiling 2 source files to C:\TrackStudio\Homework\chapter_001\calculateAreaOfTriangle\target\test-classes
[INFO] 
[INFO] --- maven-surefire-plugin:2.12.4:test (default-test) @ calculateAreaOfTriangle ---
[INFO] Surefire report directory: C:\TrackStudio\Homework\chapter_001\calculateAreaOfTriangle\target\surefire-reports

-------------------------------------------------------
 T E S T S
-------------------------------------------------------
Running ru.skuznetsov.calculateAreaOfTriangle.TriangleTest
Tests run: 2, Failures: 0, Errors: 0, Skipped: 0, Time elapsed: 0.471 sec
[INFO] Cobertura: Loaded information on 2 classes.
[INFO] Cobertura: Saved information on 2 classes.

Results :

Tests run: 2, Failures: 0, Errors: 0, Skipped: 0

[INFO] 
[INFO] <<< cobertura-maven-plugin:2.7:check (verify) < [cobertura]test @ calculateAreaOfTriangle <<<
[INFO] 
[INFO] --- cobertura-maven-plugin:2.7:check (verify) @ calculateAreaOfTriangle ---
[INFO] Cobertura 2.1.1 - GNU GPL License (NO WARRANTY) - See COPYRIGHT file
[INFO] Cobertura: Loaded information on 2 classes.
[ERROR] ru.skuznetsov.calculateAreaOfTriangle.Triangle failed coverage check. Branch coverage rate of 43.7% is below 60.0%
[ERROR] ru.skuznetsov.calculateAreaOfTriangle failed coverage check. Branch coverage rate of 43.7% is below 60.0%
[ERROR] project failed coverage check. Branch coverage rate of 43.7% is below 60.0%

[INFO] ------------------------------------------------------------------------
[INFO] Reactor Summary:
[INFO] 
[INFO] homework ........................................... SUCCESS [  0.000 s]
[INFO] chapter_001 ........................................ SUCCESS [  5.033 s]
[INFO] calculateAreaOfTriangle ............................ FAILURE [ 10.862 s]
[INFO] calculator ......................................... SKIPPED
[INFO] helloWorld ......................................... SKIPPED
[INFO] maximumFromTwoAndThreeNumbers ...................... SKIPPED
[INFO] maximumFromTwoNumbers .............................. SKIPPED
[INFO] sumOfEvenNumbers ................................... SKIPPED
[INFO] factorial .......................................... SKIPPED
[INFO] ------------------------------------------------------------------------
[INFO] BUILD FAILURE
[INFO] ------------------------------------------------------------------------
[INFO] Total time: 16.161 s
[INFO] Finished at: 2016-11-26T19:24:49+03:00
[INFO] Final Memory: 26M/253M
[INFO] ------------------------------------------------------------------------
[ERROR] Failed to execute goal org.codehaus.mojo:cobertura-maven-plugin:2.7:check (verify) on project calculateAreaOfTriangle: Coverage check failed. See messages above. -> [Help 1]
[ERROR] 
[ERROR] To see the full stack trace of the errors, re-run Maven with the -e switch.
[ERROR] Re-run Maven using the -X switch to enable full debug logging.
[ERROR] 
[ERROR] For more information about the errors and possible solutions, please read the following articles:
[ERROR] [Help 1] http://cwiki.apache.org/confluence/display/MAVEN/MojoFailureException
[ERROR] 
[ERROR] After correcting the problems, you can resume the build with the command
[ERROR]   mvn <goals> -rf :calculateAreaOfTriangle
